\BOOKMARK [0][-]{ch:abstract.0}{\376\377\144\130\211\201}{}% 1
\BOOKMARK [0][-]{ch:abstract:en.0}{\376\377\000A\000b\000s\000t\000r\000a\000c\000t}{}% 2
\BOOKMARK [0][-]{ch:symbols.0}{\376\377\116\073\211\201\173\046\123\367\133\371\161\147\210\150}{}% 3
\BOOKMARK [0][-]{chapter.1}{\376\377\000C\000h\000a\000p\000t\000e\000r\000\040\0001\000\040\000I\000n\000t\000r\000o\000d\000u\000c\000t\000i\000o\000n}{}% 4
\BOOKMARK [1][-]{section.1.1}{\376\377\0001\000.\000\040\0001\000\040\000B\000a\000c\000k\000g\000r\000o\000u\000n\000d}{chapter.1}% 5
\BOOKMARK [1][-]{section.1.2}{\376\377\0001\000.\000\040\0002\000\040\000M\000o\000t\000i\000v\000a\000t\000i\000o\000n}{chapter.1}% 6
\BOOKMARK [2][-]{subsection.1.2.1}{\376\377\0001\000.\000\040\0002\000.\000\040\0001\000\040\000H\000u\000m\000a\000n\000-\000R\000o\000b\000o\000t\000\040\000I\000n\000t\000e\000r\000a\000c\000t\000i\000o\000n\000\040\000\050\000H\000R\000I\000\051}{section.1.2}% 7
\BOOKMARK [1][-]{section.1.3}{\376\377\0001\000.\000\040\0003\000\040\000R\000e\000s\000e\000a\000r\000c\000h\000\040\000G\000a\000p\000s\000\040\000i\000n\000\040\000E\000x\000i\000s\000t\000i\000n\000g\000\040\000S\000t\000u\000d\000i\000e\000s}{chapter.1}% 8
\BOOKMARK [1][-]{section.1.4}{\376\377\0001\000.\000\040\0004\000\040\000P\000r\000o\000b\000l\000e\000m\000\040\000F\000o\000r\000m\000u\000l\000a\000t\000i\000o\000n}{chapter.1}% 9
\BOOKMARK [1][-]{section.1.5}{\376\377\0001\000.\000\040\0005\000\040\000R\000e\000s\000e\000a\000r\000c\000h\000\040\000Q\000u\000e\000s\000t\000i\000o\000n\000s}{chapter.1}% 10
\BOOKMARK [1][-]{section.1.6}{\376\377\0001\000.\000\040\0006\000\040\000R\000e\000s\000e\000a\000r\000c\000h\000\040\000A\000i\000m\000\040\000a\000n\000d\000\040\000O\000b\000j\000e\000c\000t\000i\000v\000e\000s}{chapter.1}% 11
\BOOKMARK [1][-]{section.1.7}{\376\377\0001\000.\000\040\0007\000\040\000S\000i\000g\000n\000i\000f\000i\000c\000a\000n\000c\000e\000\040\000o\000f\000\040\000t\000h\000e\000\040\000s\000t\000u\000d\000y}{chapter.1}% 12
\BOOKMARK [1][-]{section.1.8}{\376\377\0001\000.\000\040\0008\000\040\000C\000o\000n\000t\000r\000i\000b\000u\000t\000i\000o\000n\000s\000\040\000o\000f\000\040\000t\000h\000e\000\040\000S\000t\000u\000d\000y}{chapter.1}% 13
\BOOKMARK [1][-]{section.1.9}{\376\377\0001\000.\000\040\0009\000\040\000T\000h\000e\000s\000i\000s\000\040\000O\000r\000g\000a\000n\000i\000z\000a\000t\000i\000o\000n}{chapter.1}% 14
\BOOKMARK [0][-]{chapter.2}{\376\377\000C\000h\000a\000p\000t\000e\000r\000\040\0002\000\040\000L\000i\000t\000e\000r\000a\000t\000u\000r\000e\000\040\000R\000e\000v\000i\000e\000w}{}% 15
\BOOKMARK [1][-]{section.2.1}{\376\377\0002\000.\000\040\0001\000\040\000M\000o\000t\000i\000o\000n\000\040\000D\000a\000t\000a\000\040\000R\000e\000p\000r\000e\000s\000e\000n\000t\000a\000t\000i\000o\000n}{chapter.2}% 16
\BOOKMARK [2][-]{subsection.2.1.1}{\376\377\0002\000.\000\040\0001\000.\000\040\0001\000\040\000K\000e\000y\000p\000o\000i\000n\000t\000-\000b\000a\000s\000e\000d\000\040\000R\000e\000p\000r\000e\000s\000e\000n\000t\000a\000t\000i\000o\000n}{section.2.1}% 17
\BOOKMARK [2][-]{subsection.2.1.2}{\376\377\0002\000.\000\040\0001\000.\000\040\0002\000\040\000R\000o\000t\000a\000t\000i\000o\000n\000-\000b\000a\000s\000e\000d\000\040\000R\000e\000p\000r\000e\000s\000e\000n\000t\000a\000t\000i\000o\000n}{section.2.1}% 18
\BOOKMARK [2][-]{subsection.2.1.3}{\376\377\0002\000.\000\040\0001\000.\000\040\0003\000\040\000T\000h\000e\000\040\000S\000M\000P\000L\000\040\000M\000o\000d\000e\000l}{section.2.1}% 19
\BOOKMARK [0][-]{chapter.3}{\376\377\000C\000h\000a\000p\000t\000e\000r\000\040\0003\000\040\000C\000o\000n\000n\000e\000c\000t\000i\000n\000g\000\040\000A\000c\000t\000i\000o\000n\000\040\000S\000e\000m\000a\000n\000t\000i\000c\000s\000\040\000a\000n\000d\000\040\000H\000u\000m\000a\000n\000\040\000M\000o\000t\000i\000o\000n\000\040\000u\000s\000i\000n\000g\000\040\000F\000u\000z\000z\000y\000\040\000Q\000u\000a\000l\000i\000t\000a\000t\000i\000v\000e\000\040\000K\000i\000n\000e\000m\000a\000t\000i\000c\000s}{}% 20
\BOOKMARK [1][-]{section.3.1}{\376\377\0003\000.\000\040\0001\000\040\000I\000n\000t\000r\000o\000d\000u\000c\000t\000i\000o\000n}{chapter.3}% 21
\BOOKMARK [1][-]{section.3.2}{\376\377\0003\000.\000\040\0002\000\040\000R\000e\000l\000a\000t\000e\000d\000\040\000W\000o\000r\000k}{chapter.3}% 22
\BOOKMARK [2][-]{subsection.3.2.1}{\376\377\0003\000.\000\040\0002\000.\000\040\0001\000\040\000H\000u\000m\000a\000n\000\040\000M\000o\000t\000i\000o\000n\000\040\000R\000e\000p\000r\000e\000s\000e\000n\000t\000a\000t\000i\000o\000n}{section.3.2}% 23
\BOOKMARK [1][-]{section.3.3}{\376\377\0003\000.\000\040\0003\000\040\000M\000e\000t\000h\000o\000d}{chapter.3}% 24
\BOOKMARK [2][-]{subsection.3.3.1}{\376\377\0003\000.\000\040\0003\000.\000\040\0001\000\040\000Q\000u\000a\000n\000t\000i\000z\000e\000d\000\040\000F\000u\000z\000z\000y\000\040\000M\000e\000m\000b\000e\000r\000s\000h\000i\000p\000\040\000F\000u\000n\000c\000t\000i\000o\000n}{section.3.3}% 25
\BOOKMARK [0][-]{chapter.4}{\376\377\000C\000h\000a\000p\000t\000e\000r\000\040\0004\000\040\000F\000r\000o\000m\000\040\000A\000c\000t\000i\000o\000n\000\040\000t\000o\000\040\000R\000e\000a\000c\000t\000i\000o\000n\000:\000\040\000L\000a\000t\000e\000n\000t\000\040\000S\000p\000a\000c\000e\000\040\000R\000e\000g\000u\000l\000a\000r\000i\000z\000a\000t\000i\000o\000n\000\040\000a\000n\000d\000\040\000A\000l\000i\000g\000n\000m\000e\000n\000t\000\040\000f\000o\000r\000\040\000H\000u\000m\000a\000n\000\040\000R\000e\000a\000c\000t\000i\000o\000n\000\040\000M\000o\000t\000i\000o\000n\000\040\000G\000e\000n\000e\000r\000a\000t\000i\000o\000n\000\040\000w\000i\000t\000h\000\040\000I\000n\000t\000e\000r\000m\000e\000d\000i\000a\000t\000e\000\040\000M\000o\000t\000i\000o\000n\000\040\000S\000e\000m\000a\000n\000t\000i\000c\000s}{}% 26
\BOOKMARK [1][-]{section.4.1}{\376\377\0004\000.\000\040\0001\000\040\000S\000u\000m\000m\000a\000r\000y}{chapter.4}% 27
\BOOKMARK [1][-]{section.4.2}{\376\377\0004\000.\000\040\0002\000\040\000I\000n\000t\000r\000o\000d\000u\000c\000t\000i\000o\000n}{chapter.4}% 28
\BOOKMARK [1][-]{section.4.3}{\376\377\0004\000.\000\040\0003\000\040\000R\000e\000l\000a\000t\000e\000d\000\040\000W\000o\000r\000k}{chapter.4}% 29
\BOOKMARK [2][-]{subsection.4.3.1}{\376\377\0004\000.\000\040\0003\000.\000\040\0001\000\040\000H\000u\000m\000a\000n\000\040\000M\000o\000t\000i\000o\000n\000\040\000G\000e\000n\000e\000r\000a\000t\000i\000o\000n}{section.4.3}% 30
\BOOKMARK [1][-]{section.4.4}{\376\377\0004\000.\000\040\0004\000\040\000M\000e\000t\000h\000o\000d}{chapter.4}% 31
\BOOKMARK [2][-]{subsection.4.4.1}{\376\377\0004\000.\000\040\0004\000.\000\040\0001\000\040\000P\000r\000o\000b\000l\000e\000m\000\040\000F\000o\000r\000m\000u\000l\000a\000t\000i\000o\000n}{section.4.4}% 32
\BOOKMARK [2][-]{subsection.4.4.2}{\376\377\0004\000.\000\040\0004\000.\000\040\0002\000\040\000O\000v\000e\000r\000v\000i\000e\000w}{section.4.4}% 33
\BOOKMARK [1][-]{section.4.5}{\376\377\0004\000.\000\040\0005\000\040\000I\000m\000p\000l\000e\000m\000e\000n\000t\000a\000t\000i\000o\000n\000\040\000D\000e\000t\000a\000i\000l\000s}{chapter.4}% 34
\BOOKMARK [1][-]{section.4.6}{\376\377\0004\000.\000\040\0006\000\040\000E\000x\000p\000e\000r\000i\000m\000e\000n\000t\000s}{chapter.4}% 35
\BOOKMARK [2][-]{subsection.4.6.1}{\376\377\0004\000.\000\040\0006\000.\000\040\0001\000\040\000D\000a\000t\000a\000s\000e\000t\000s}{section.4.6}% 36
\BOOKMARK [2][-]{subsection.4.6.2}{\376\377\0004\000.\000\040\0006\000.\000\040\0002\000\040\000E\000v\000a\000l\000u\000a\000t\000i\000o\000n\000\040\000M\000e\000t\000r\000i\000c\000s}{section.4.6}% 37
\BOOKMARK [2][-]{subsection.4.6.3}{\376\377\0004\000.\000\040\0006\000.\000\040\0003\000\040\000S\000t\000a\000t\000e\000-\000o\000f\000-\000t\000h\000e\000-\000A\000r\000t\000\040\000C\000o\000m\000p\000a\000r\000i\000s\000o\000n\000s}{section.4.6}% 38
\BOOKMARK [2][-]{subsection.4.6.4}{\376\377\0004\000.\000\040\0006\000.\000\040\0004\000\040\000A\000b\000l\000a\000t\000i\000o\000n\000\040\000S\000t\000u\000d\000y}{section.4.6}% 39
\BOOKMARK [1][-]{section.4.7}{\376\377\0004\000.\000\040\0007\000\040\000C\000o\000n\000c\000l\000u\000s\000i\000o\000n}{chapter.4}% 40
\BOOKMARK [1][-]{section.4.8}{\376\377\0004\000.\000\040\0008\000\040\000F\000u\000t\000u\000r\000e\000\040\000W\000o\000r\000k}{chapter.4}% 41
\BOOKMARK [0][-]{chapter*.19}{\376\377\000C\000o\000n\000c\000l\000u\000s\000i\000o\000n\000s}{}% 42
\BOOKMARK [0][-]{chapter*.20}{\376\377\000R\000e\000f\000e\000r\000e\000n\000c\000e\000s}{}% 43
\BOOKMARK [0][-]{appendix.A}{\376\377\000A\000p\000p\000e\000n\000d\000i\000x\000\040\000A\000\040\000S\000M\000P\000L\000\040\000P\000a\000r\000a\000m\000e\000t\000e\000r\000\040\000S\000e\000t\000t\000i\000n\000g\000s}{}% 44
\BOOKMARK [0][-]{appendix*.21}{\376\377\000P\000u\000b\000l\000i\000c\000a\000t\000i\000o\000n\000s\000\040\000D\000u\000r\000i\000n\000g\000\040\000S\000t\000u\000d\000i\000e\000s}{}% 45
\BOOKMARK [0][-]{appendix*.22}{\376\377\000A\000c\000k\000n\000o\000w\000l\000e\000d\000g\000e\000m\000e\000n\000t}{}% 46
\BOOKMARK [0][-]{appendix*.23}{\376\377\000A\000u\000t\000h\000o\000r\000\040\000B\000i\000o\000g\000r\000a\000p\000h\000y}{}% 47
